Traceback (most recent call last):
  File "/Users/ashutosh/The_Great_Eye/main.py", line 12, in <module>
    os.chdir(main_dir)
    ~~~~~~~~^^^^^^^^^^
TypeError: chdir: path should be string, bytes, os.PathLike or integer, not list
Traceback (most recent call last):
  File "/Users/ashutosh/The_Great_Eye/main.py", line 12, in <module>
    os.chdir(main_dir)
    ~~~~~~~~^^^^^^^^^^
TypeError: chdir: path should be string, bytes, os.PathLike or integer, not list
Traceback (most recent call last):
  File "/Users/ashutosh/The_Great_Eye/main.py", line 12, in <module>
    os.chdir(main_dir)
    ~~~~~~~~^^^^^^^^^^
TypeError: chdir: path should be string, bytes, os.PathLike or integer, not list
Traceback (most recent call last):
  File "/Users/ashutosh/The_Great_Eye/main.py", line 12, in <module>
    os.chdir(main_dir)
    ~~~~~~~~^^^^^^^^^^
TypeError: chdir: path should be string, bytes, os.PathLike or integer, not list
Traceback (most recent call last):
  File "/Users/ashutosh/The_Great_Eye/main.py", line 14, in <module>
    os.chdir(main_dir)
    ~~~~~~~~^^^^^^^^^^
TypeError: chdir: path should be string, bytes, os.PathLike or integer, not list
Traceback (most recent call last):
  File "/Users/ashutosh/The_Great_Eye/main.py", line 15, in <module>
    os.chdir(main_dir)
    ~~~~~~~~^^^^^^^^^^
TypeError: chdir: path should be string, bytes, os.PathLike or integer, not list
Traceback (most recent call last):
  File "/Users/ashutosh/The_Great_Eye/main.py", line 14, in <module>
    os.chdir(main_dir)
    ~~~~~~~~^^^^^^^^^^
TypeError: chdir: path should be string, bytes, os.PathLike or integer, not list
Traceback (most recent call last):
  File "/Users/ashutosh/The_Great_Eye/main.py", line 14, in <module>
    os.chdir(main_dir)
    ~~~~~~~~^^^^^^^^^^
TypeError: chdir: path should be string, bytes, os.PathLike or integer, not list
