SSD Disconnected
processing batch: 1
Set Finder comment for: IMG_4384.HEIC
Set Finder comment for: IMG_4383.HEIC
Set Finder comment for: IMG_4379.HEIC
Set Finder comment for: IMG_4378.HEIC
Set Finder comment for: IMG_4377.HEIC
finished with batch: 1
processing batch: 2
Set Finder comment for: IMG_4376.HEIC
Set Finder comment for: IMG_E4375.HEIC
Set Finder comment for: IMG_4375.HEIC
Set Finder comment for: IMG_4374.HEIC
Set Finder comment for: IMG_4373.HEIC
finished with batch: 2
processing batch: 3
Set Finder comment for: IMG_4372.HEIC
Set Finder comment for: IMG_4371.HEIC
Set Finder comment for: IMG_4370.HEIC
Set Finder comment for: IMG_4369.HEIC
Set Finder comment for: IMG_4368.HEIC
finished with batch: 3
processing batch: 4
Set Finder comment for: IMG_4367.HEIC
Set Finder comment for: IMG_4365.HEIC
Set Finder comment for: IMG_4363.HEIC
Set Finder comment for: IMG_4362.HEIC
Set Finder comment for: IMG_4361.HEIC
finished with batch: 4
processing batch: 5
Set Finder comment for: IMG_4360.HEIC
Set Finder comment for: IMG_4359.HEIC
Set Finder comment for: IMG_4357.HEIC
Set Finder comment for: IMG_4358.HEIC
Set Finder comment for: IMG_4356.HEIC
finished with batch: 5
processing batch: 6
Set Finder comment for: IMG_4355.HEIC
Set Finder comment for: IMG_4354.HEIC
Set Finder comment for: IMG_4353.HEIC
Set Finder comment for: IMG_4352.HEIC
Set Finder comment for: IMG_4351.HEIC
finished with batch: 6
processing batch: 7
Set Finder comment for: IMG_4350.HEIC
Set Finder comment for: IMG_4349.HEIC
Set Finder comment for: IMG_4348.HEIC
Set Finder comment for: IMG_4347.HEIC
Set Finder comment for: IMG_4346.HEIC
finished with batch: 7
processing batch: 8
Set Finder comment for: IMG_4345.HEIC
Set Finder comment for: IMG_4344.HEIC
Set Finder comment for: IMG_4343.HEIC
Set Finder comment for: IMG_4342.HEIC
Set Finder comment for: IMG_4341.HEIC
finished with batch: 8
processing batch: 9
Set Finder comment for: IMG_4340.HEIC
Set Finder comment for: IMG_4339.HEIC
Set Finder comment for: IMG_4338.HEIC
Set Finder comment for: IMG_4337.HEIC
Set Finder comment for: IMG_4336.HEIC
finished with batch: 9
processing batch: 10
Set Finder comment for: IMG_4335.HEIC
Set Finder comment for: IMG_4334.HEIC
Set Finder comment for: IMG_4333.HEIC
Set Finder comment for: IMG_4332.HEIC
Set Finder comment for: IMG_4331.HEIC
finished with batch: 10
processing batch: 11
Set Finder comment for: IMG_4330.HEIC
Set Finder comment for: IMG_4329.HEIC
Set Finder comment for: IMG_4328.HEIC
Set Finder comment for: IMG_4327.HEIC
Set Finder comment for: IMG_4326.HEIC
finished with batch: 11
processing batch: 12
Set Finder comment for: IMG_4325.HEIC
Set Finder comment for: IMG_4324.HEIC
Set Finder comment for: IMG_4322.HEIC
Set Finder comment for: IMG_4321.HEIC
Set Finder comment for: IMG_4320.HEIC
finished with batch: 12
processing batch: 13
Set Finder comment for: IMG_4319.HEIC
Set Finder comment for: IMG_4318.HEIC
Set Finder comment for: IMG_E4317.HEIC
Set Finder comment for: IMG_4317.HEIC
Set Finder comment for: IMG_4316.HEIC
finished with batch: 13
processing batch: 14
Set Finder comment for: IMG_4315.HEIC
Set Finder comment for: IMG_4314.HEIC
Set Finder comment for: IMG_4313.HEIC
Set Finder comment for: IMG_4312.HEIC
Set Finder comment for: IMG_4311.HEIC
finished with batch: 14
processing batch: 15
Set Finder comment for: IMG_4310.HEIC
Set Finder comment for: IMG_4309.HEIC
Set Finder comment for: IMG_E4309.HEIC
Set Finder comment for: IMG_4307.HEIC
Set Finder comment for: IMG_4306.HEIC
finished with batch: 15
processing batch: 16
Set Finder comment for: IMG_4305.HEIC
Set Finder comment for: IMG_4304.HEIC
Set Finder comment for: IMG_4302.HEIC
Set Finder comment for: IMG_4301.HEIC
Set Finder comment for: IMG_4300.HEIC
finished with batch: 16
processing batch: 17
Set Finder comment for: IMG_4299.HEIC
Set Finder comment for: IMG_4298.HEIC
Set Finder comment for: IMG_4297.HEIC
Set Finder comment for: IMG_4296.HEIC
Set Finder comment for: IMG_4292.HEIC
finished with batch: 17
processing batch: 18
Set Finder comment for: IMG_4291.HEIC
Set Finder comment for: IMG_4290.HEIC
Set Finder comment for: IMG_4289.HEIC
Set Finder comment for: IMG_4288.HEIC
Set Finder comment for: IMG_4287.HEIC
finished with batch: 18
processing batch: 19
Set Finder comment for: IMG_E4287.HEIC
Set Finder comment for: IMG_4285.HEIC
Set Finder comment for: IMG_E4285.HEIC
Set Finder comment for: IMG_E4280.HEIC
Set Finder comment for: IMG_4280.HEIC
finished with batch: 19
processing batch: 20
Set Finder comment for: IMG_E4279.HEIC
Set Finder comment for: IMG_4279.HEIC
Set Finder comment for: IMG_4278.HEIC
Set Finder comment for: IMG_E4278.HEIC
Set Finder comment for: IMG_4277.HEIC
finished with batch: 20
processing batch: 21
Set Finder comment for: IMG_E4277.HEIC
Set Finder comment for: IMG_4276.HEIC
Set Finder comment for: IMG_E4276.HEIC
Set Finder comment for: IMG_4274.HEIC
Set Finder comment for: IMG_E4274.HEIC
finished with batch: 21
processing batch: 22
Set Finder comment for: IMG_4273.HEIC
Set Finder comment for: IMG_E4273.HEIC
Set Finder comment for: IMG_4272.HEIC
Set Finder comment for: IMG_E4272.HEIC
Set Finder comment for: IMG_E4271.HEIC
finished with batch: 22
processing batch: 23
Set Finder comment for: IMG_4271.HEIC
Set Finder comment for: IMG_E4270.HEIC
Set Finder comment for: IMG_4270.HEIC
Set Finder comment for: IMG_4269.HEIC
Set Finder comment for: IMG_E4269.HEIC
finished with batch: 23
processing batch: 24
Set Finder comment for: IMG_4254.HEIC
Set Finder comment for: IMG_4253.HEIC
Set Finder comment for: IMG_4252.HEIC
Set Finder comment for: IMG_4251.HEIC
Set Finder comment for: IMG_E4247.HEIC
finished with batch: 24
processing batch: 25
Set Finder comment for: IMG_4247.HEIC
Set Finder comment for: IMG_4244.HEIC
Set Finder comment for: IMG_E4244.HEIC
Set Finder comment for: IMG_E4243.HEIC
Set Finder comment for: IMG_4243.HEIC
finished with batch: 25
processing batch: 26
Set Finder comment for: IMG_E4240.HEIC
Set Finder comment for: IMG_4240.HEIC
Set Finder comment for: IMG_4239.HEIC
Set Finder comment for: IMG_E4239.HEIC
Set Finder comment for: IMG_4238.HEIC
finished with batch: 26
processing batch: 27
Set Finder comment for: IMG_4233.HEIC
Set Finder comment for: IMG_E4233.HEIC
Set Finder comment for: IMG_4232.HEIC
Set Finder comment for: IMG_4230.HEIC
Set Finder comment for: IMG_4229.HEIC
finished with batch: 27
processing batch: 28
Set Finder comment for: IMG_4228.HEIC
Set Finder comment for: IMG_4227.HEIC
Set Finder comment for: IMG_4226.HEIC
Set Finder comment for: IMG_4225.HEIC
Set Finder comment for: IMG_4224.HEIC
finished with batch: 28
processing batch: 29
Set Finder comment for: IMG_4223.HEIC
Set Finder comment for: IMG_E4220.JPG
Set Finder comment for: IMG_4220.JPG
Set Finder comment for: IMG_E4219.JPG
Set Finder comment for: IMG_4219.JPG
finished with batch: 29
processing batch: 30
Set Finder comment for: IMG_E4218.JPG
Set Finder comment for: IMG_4218.JPG
Set Finder comment for: IMG_E4217.JPG
Set Finder comment for: IMG_4217.JPG
Set Finder comment for: IMG_E4215.JPG
finished with batch: 30
processing batch: 31
Set Finder comment for: IMG_4215.JPG
Set Finder comment for: IMG_E4216.JPG
Set Finder comment for: IMG_4216.JPG
Set Finder comment for: IMG_4213.HEIC
Set Finder comment for: IMG_E4211.JPG
finished with batch: 31
processing batch: 32
Set Finder comment for: IMG_4211.JPG
Set Finder comment for: IMG_E4210.JPG
Set Finder comment for: IMG_4210.JPG
Set Finder comment for: IMG_4207.HEIC
Set Finder comment for: IMG_4205.HEIC
finished with batch: 32
processing batch: 33
Set Finder comment for: IMG_4206.HEIC
Set Finder comment for: IMG_4204.HEIC
Set Finder comment for: IMG_4203.HEIC
Set Finder comment for: IMG_4202.HEIC
Set Finder comment for: IMG_4201.HEIC
finished with batch: 33
processing batch: 34
Set Finder comment for: IMG_4198.HEIC
Set Finder comment for: IMG_4197.HEIC
Set Finder comment for: IMG_4190.HEIC
Set Finder comment for: IMG_4189.HEIC
Set Finder comment for: IMG_4186.HEIC
finished with batch: 34
processing batch: 35
Set Finder comment for: IMG_E4186.HEIC
Set Finder comment for: IMG_4185.HEIC
Set Finder comment for: IMG_4181.HEIC
Set Finder comment for: IMG_4180.HEIC
Set Finder comment for: IMG_4179.HEIC
finished with batch: 35
processing batch: 36
Set Finder comment for: IMG_4178.HEIC
Set Finder comment for: IMG_4177.HEIC
Set Finder comment for: IMG_4176.HEIC
Set Finder comment for: IMG_4175.HEIC
Set Finder comment for: IMG_4174.HEIC
finished with batch: 36
processing batch: 37
Set Finder comment for: IMG_4173.HEIC
Set Finder comment for: IMG_4171.HEIC
Set Finder comment for: IMG_4170.HEIC
Set Finder comment for: IMG_4169.HEIC
Set Finder comment for: IMG_4165.HEIC
finished with batch: 37
processing batch: 38
Set Finder comment for: IMG_4164.HEIC
Set Finder comment for: IMG_4163.HEIC
Set Finder comment for: IMG_4162.HEIC
Set Finder comment for: IMG_4160.HEIC
Set Finder comment for: IMG_E4156.HEIC
finished with batch: 38
processing batch: 39
Set Finder comment for: IMG_4156.HEIC
Set Finder comment for: IMG_E4155.HEIC
Set Finder comment for: IMG_4155.HEIC
Set Finder comment for: IMG_4151.HEIC
Set Finder comment for: IMG_4150.HEIC
finished with batch: 39
processing batch: 40
Set Finder comment for: IMG_4149.HEIC
Set Finder comment for: IMG_4148.HEIC
Set Finder comment for: IMG_4147.HEIC
Set Finder comment for: IMG_4146.HEIC
Set Finder comment for: IMG_4145.HEIC
finished with batch: 40
processing batch: 41
Set Finder comment for: IMG_4144.HEIC
Set Finder comment for: IMG_4143.HEIC
Set Finder comment for: IMG_4141.HEIC
Set Finder comment for: IMG_4140.HEIC
Set Finder comment for: IMG_4139.HEIC
finished with batch: 41
processing batch: 42
Set Finder comment for: IMG_4138.HEIC
Set Finder comment for: IMG_4137.HEIC
Set Finder comment for: IMG_4136.HEIC
Set Finder comment for: IMG_4135.PNG
Set Finder comment for: IMG_4133.HEIC
finished with batch: 42
processing batch: 43
Set Finder comment for: IMG_4132.HEIC
Set Finder comment for: IMG_4131.HEIC
finished with batch: 43
processing batch: 1
Set Finder comment for: IMG_E4087.JPG
Set Finder comment for: IMG_4087.JPG
Set Finder comment for: IMG_E4084.JPG
Set Finder comment for: IMG_4084.JPG
Set Finder comment for: IMG_E4083.JPG
finished with batch: 1
processing batch: 2
Set Finder comment for: IMG_4083.JPG
Set Finder comment for: IMG_E4082.JPG
Set Finder comment for: IMG_4082.JPG
Set Finder comment for: IMG_E4081.JPG
Set Finder comment for: IMG_4081.JPG
finished with batch: 2
processing batch: 3
Set Finder comment for: IMG_E4079.JPG
Set Finder comment for: IMG_4079.JPG
Set Finder comment for: IMG_E4080.JPG
Set Finder comment for: IMG_4080.JPG
Set Finder comment for: IMG_4075.HEIC
finished with batch: 3
processing batch: 4
Set Finder comment for: IMG_E4074.HEIC
Set Finder comment for: IMG_4074.HEIC
Set Finder comment for: IMG_E4073.HEIC
Set Finder comment for: IMG_4073.HEIC
Set Finder comment for: IMG_E4072.HEIC
finished with batch: 4
processing batch: 5
Set Finder comment for: IMG_4072.HEIC
Set Finder comment for: IMG_4071.HEIC
Set Finder comment for: IMG_4070.HEIC
Set Finder comment for: IMG_4067.HEIC
Set Finder comment for: IMG_E4065.JPG
finished with batch: 5
processing batch: 6
Set Finder comment for: IMG_4065.JPG
Set Finder comment for: IMG_4064.HEIC
Set Finder comment for: IMG_4063.HEIC
Set Finder comment for: IMG_4062.HEIC
Set Finder comment for: IMG_4061.HEIC
finished with batch: 6
processing batch: 7
Set Finder comment for: IMG_4060.HEIC
Set Finder comment for: IMG_4059.HEIC
Set Finder comment for: IMG_4058.HEIC
Set Finder comment for: IMG_4057.HEIC
Set Finder comment for: IMG_4056.HEIC
finished with batch: 7
processing batch: 8
Set Finder comment for: IMG_4055.HEIC
Set Finder comment for: IMG_4054.HEIC
Set Finder comment for: IMG_E4053.HEIC
Set Finder comment for: IMG_4053.HEIC
Set Finder comment for: IMG_E4052.HEIC
finished with batch: 8
processing batch: 9
Set Finder comment for: IMG_4052.HEIC
Set Finder comment for: IMG_4050.HEIC
Set Finder comment for: IMG_4049.HEIC
Set Finder comment for: IMG_4048.HEIC
Set Finder comment for: IMG_4047.HEIC
finished with batch: 9
processing batch: 10
Set Finder comment for: IMG_4046.HEIC
Set Finder comment for: IMG_4045.HEIC
Set Finder comment for: IMG_4044.HEIC
Set Finder comment for: IMG_4042.HEIC
Set Finder comment for: IMG_4040.HEIC
finished with batch: 10
processing batch: 11
Set Finder comment for: IMG_4039.HEIC
Set Finder comment for: IMG_4038.HEIC
Set Finder comment for: IMG_4037.HEIC
Set Finder comment for: IMG_4036.HEIC
Set Finder comment for: IMG_4035.HEIC
finished with batch: 11
processing batch: 12
Set Finder comment for: IMG_4034.HEIC
Set Finder comment for: IMG_4033.HEIC
Set Finder comment for: IMG_4032.HEIC
Set Finder comment for: IMG_4031.HEIC
Set Finder comment for: IMG_4030.HEIC
finished with batch: 12
processing batch: 13
Set Finder comment for: IMG_4029.HEIC
Set Finder comment for: IMG_4028.HEIC
Set Finder comment for: IMG_4027.HEIC
Set Finder comment for: IMG_4026.HEIC
Set Finder comment for: IMG_4025.HEIC
finished with batch: 13
processing batch: 14
Set Finder comment for: IMG_4024.HEIC
Set Finder comment for: IMG_4023.HEIC
Set Finder comment for: IMG_4022.HEIC
Set Finder comment for: IMG_4021.HEIC
Set Finder comment for: IMG_4020.HEIC
finished with batch: 14
processing batch: 15
Set Finder comment for: IMG_4018.HEIC
Set Finder comment for: IMG_E4016.JPG
Set Finder comment for: IMG_4016.JPG
Set Finder comment for: IMG_4014.HEIC
Set Finder comment for: IMG_4013.HEIC
finished with batch: 15
processing batch: 16
Set Finder comment for: IMG_4012.HEIC
Set Finder comment for: IMG_4011.HEIC
finished with batch: 16
processing batch: 1
Set Finder comment for: IMG20240204145707.jpg
Set Finder comment for: IMG20240204150507.jpg
Set Finder comment for: IMG20240204151221.jpg
Set Finder comment for: IMG20240204151223.jpg
Set Finder comment for: IMG20240204151317.jpg
finished with batch: 1
processing batch: 2
Set Finder comment for: IMG20240204151345.jpg
Set Finder comment for: IMG20240204151349.jpg
Set Finder comment for: IMG20240204151429.jpg
Set Finder comment for: IMG20240204151519.jpg
Set Finder comment for: IMG20240204151524.jpg
finished with batch: 2
processing batch: 3
Set Finder comment for: IMG20240204151538.jpg
Set Finder comment for: IMG20240204151606.jpg
Set Finder comment for: IMG20240204151640.jpg
Set Finder comment for: IMG20240204151752.jpg
Set Finder comment for: IMG20240204151901.jpg
finished with batch: 3
processing batch: 4
Set Finder comment for: IMG20240204152027.jpg
Set Finder comment for: IMG20240204152118.jpg
Set Finder comment for: IMG20240204152123.jpg
Set Finder comment for: IMG20240204152152.jpg
Set Finder comment for: IMG20240204152247.jpg
finished with batch: 4
processing batch: 5
Set Finder comment for: IMG20240204152254.jpg
Set Finder comment for: IMG20240204152326.jpg
Set Finder comment for: IMG20240204152340.jpg
Set Finder comment for: IMG20240204152435.jpg
Set Finder comment for: IMG20240204152730.jpg
finished with batch: 5
processing batch: 6
Set Finder comment for: IMG20240204152833.jpg
Set Finder comment for: IMG20240204153146.jpg
Set Finder comment for: IMG20240204154922.jpg
Set Finder comment for: IMG20240204154932.jpg
Set Finder comment for: IMG20240204154949.jpg
finished with batch: 6
processing batch: 7
Set Finder comment for: IMG20240204154955.jpg
Set Finder comment for: IMG20240204155012.jpg
Set Finder comment for: IMG20240204155018.jpg
Set Finder comment for: IMG20240204155024.jpg
Set Finder comment for: IMG20240204155439.jpg
finished with batch: 7
processing batch: 8
Set Finder comment for: IMG20240204155845.jpg
Set Finder comment for: IMG20240204170023.jpg
Set Finder comment for: IMG20240204165810.jpg
Set Finder comment for: IMG20240204170026.jpg
Set Finder comment for: IMG20240204170127.jpg
finished with batch: 8
processing batch: 9
Set Finder comment for: IMG20240204170222.jpg
Set Finder comment for: IMG20240204170218.jpg
Set Finder comment for: IMG20240204170738.jpg
Set Finder comment for: IMG20240204170758.jpg
Set Finder comment for: IMG20240204170904.jpg
finished with batch: 9
processing batch: 10
Set Finder comment for: IMG20240204171826.jpg
Set Finder comment for: IMG20240204172601.jpg
Set Finder comment for: IMG20240205155655.jpg
finished with batch: 10
already processed: /Volumes/Extreme_SSD/Test_folder/Abhinav B'day 25/IMG_4384.HEIC
already processed: /Volumes/Extreme_SSD/Test_folder/Abhinav B'day 25/IMG_4383.HEIC
already processed: /Volumes/Extreme_SSD/Test_folder/Abhinav B'day 25/IMG_4379.HEIC
already processed: /Volumes/Extreme_SSD/Test_folder/Abhinav B'day 25/IMG_4378.HEIC
already processed: /Volumes/Extreme_SSD/Test_folder/Abhinav B'day 25/IMG_4377.HEIC
already processed: /Volumes/Extreme_SSD/Test_folder/Abhinav B'day 25/IMG_4376.HEIC
already processed: /Volumes/Extreme_SSD/Test_folder/Abhinav B'day 25/IMG_E4375.HEIC
already processed: /Volumes/Extreme_SSD/Test_folder/Abhinav B'day 25/IMG_4375.HEIC
already processed: /Volumes/Extreme_SSD/Test_folder/Abhinav B'day 25/IMG_4374.HEIC
already processed: /Volumes/Extreme_SSD/Test_folder/Abhinav B'day 25/IMG_4373.HEIC
already processed: /Volumes/Extreme_SSD/Test_folder/Abhinav B'day 25/IMG_4372.HEIC
already processed: /Volumes/Extreme_SSD/Test_folder/Abhinav B'day 25/IMG_4371.HEIC
already processed: /Volumes/Extreme_SSD/Test_folder/Abhinav B'day 25/IMG_4370.HEIC
already processed: /Volumes/Extreme_SSD/Test_folder/Abhinav B'day 25/IMG_4369.HEIC
already processed: /Volumes/Extreme_SSD/Test_folder/Abhinav B'day 25/IMG_4368.HEIC
already processed: /Volumes/Extreme_SSD/Test_folder/Abhinav B'day 25/IMG_4367.HEIC
already processed: /Volumes/Extreme_SSD/Test_folder/Abhinav B'day 25/IMG_4365.HEIC
already processed: /Volumes/Extreme_SSD/Test_folder/Abhinav B'day 25/IMG_4363.HEIC
already processed: /Volumes/Extreme_SSD/Test_folder/Abhinav B'day 25/IMG_4362.HEIC
already processed: /Volumes/Extreme_SSD/Test_folder/Abhinav B'day 25/IMG_4361.HEIC
already processed: /Volumes/Extreme_SSD/Test_folder/Abhinav B'day 25/IMG_4360.HEIC
already processed: /Volumes/Extreme_SSD/Test_folder/Abhinav B'day 25/IMG_4359.HEIC
already processed: /Volumes/Extreme_SSD/Test_folder/Abhinav B'day 25/IMG_4357.HEIC
already processed: /Volumes/Extreme_SSD/Test_folder/Abhinav B'day 25/IMG_4358.HEIC
already processed: /Volumes/Extreme_SSD/Test_folder/Abhinav B'day 25/IMG_4356.HEIC
already processed: /Volumes/Extreme_SSD/Test_folder/Abhinav B'day 25/IMG_4355.HEIC
already processed: /Volumes/Extreme_SSD/Test_folder/Abhinav B'day 25/IMG_4354.HEIC
already processed: /Volumes/Extreme_SSD/Test_folder/Abhinav B'day 25/IMG_4353.HEIC
already processed: /Volumes/Extreme_SSD/Test_folder/Abhinav B'day 25/IMG_4352.HEIC
already processed: /Volumes/Extreme_SSD/Test_folder/Abhinav B'day 25/IMG_4351.HEIC
already processed: /Volumes/Extreme_SSD/Test_folder/Abhinav B'day 25/IMG_4350.HEIC
already processed: /Volumes/Extreme_SSD/Test_folder/Abhinav B'day 25/IMG_4349.HEIC
already processed: /Volumes/Extreme_SSD/Test_folder/Abhinav B'day 25/IMG_4348.HEIC
already processed: /Volumes/Extreme_SSD/Test_folder/Abhinav B'day 25/IMG_4347.HEIC
already processed: /Volumes/Extreme_SSD/Test_folder/Abhinav B'day 25/IMG_4346.HEIC
already processed: /Volumes/Extreme_SSD/Test_folder/Abhinav B'day 25/IMG_4345.HEIC
already processed: /Volumes/Extreme_SSD/Test_folder/Abhinav B'day 25/IMG_4344.HEIC
already processed: /Volumes/Extreme_SSD/Test_folder/Abhinav B'day 25/IMG_4343.HEIC
already processed: /Volumes/Extreme_SSD/Test_folder/Abhinav B'day 25/IMG_4342.HEIC
already processed: /Volumes/Extreme_SSD/Test_folder/Abhinav B'day 25/IMG_4341.HEIC
already processed: /Volumes/Extreme_SSD/Test_folder/Abhinav B'day 25/IMG_4340.HEIC
already processed: /Volumes/Extreme_SSD/Test_folder/Abhinav B'day 25/IMG_4339.HEIC
already processed: /Volumes/Extreme_SSD/Test_folder/Abhinav B'day 25/IMG_4338.HEIC
already processed: /Volumes/Extreme_SSD/Test_folder/Abhinav B'day 25/IMG_4337.HEIC
already processed: /Volumes/Extreme_SSD/Test_folder/Abhinav B'day 25/IMG_4336.HEIC
already processed: /Volumes/Extreme_SSD/Test_folder/Abhinav B'day 25/IMG_4335.HEIC
already processed: /Volumes/Extreme_SSD/Test_folder/Abhinav B'day 25/IMG_4334.HEIC
already processed: /Volumes/Extreme_SSD/Test_folder/Abhinav B'day 25/IMG_4333.HEIC
already processed: /Volumes/Extreme_SSD/Test_folder/Abhinav B'day 25/IMG_4332.HEIC
already processed: /Volumes/Extreme_SSD/Test_folder/Abhinav B'day 25/IMG_4331.HEIC
already processed: /Volumes/Extreme_SSD/Test_folder/Abhinav B'day 25/IMG_4330.HEIC
already processed: /Volumes/Extreme_SSD/Test_folder/Abhinav B'day 25/IMG_4329.HEIC
already processed: /Volumes/Extreme_SSD/Test_folder/Abhinav B'day 25/IMG_4328.HEIC
already processed: /Volumes/Extreme_SSD/Test_folder/Abhinav B'day 25/IMG_4327.HEIC
already processed: /Volumes/Extreme_SSD/Test_folder/Abhinav B'day 25/IMG_4326.HEIC
already processed: /Volumes/Extreme_SSD/Test_folder/Abhinav B'day 25/IMG_4325.HEIC
already processed: /Volumes/Extreme_SSD/Test_folder/Abhinav B'day 25/IMG_4324.HEIC
already processed: /Volumes/Extreme_SSD/Test_folder/Abhinav B'day 25/IMG_4322.HEIC
already processed: /Volumes/Extreme_SSD/Test_folder/Abhinav B'day 25/IMG_4321.HEIC
already processed: /Volumes/Extreme_SSD/Test_folder/Abhinav B'day 25/IMG_4320.HEIC
already processed: /Volumes/Extreme_SSD/Test_folder/Abhinav B'day 25/IMG_4319.HEIC
already processed: /Volumes/Extreme_SSD/Test_folder/Abhinav B'day 25/IMG_4318.HEIC
already processed: /Volumes/Extreme_SSD/Test_folder/Abhinav B'day 25/IMG_E4317.HEIC
already processed: /Volumes/Extreme_SSD/Test_folder/Abhinav B'day 25/IMG_4317.HEIC
already processed: /Volumes/Extreme_SSD/Test_folder/Abhinav B'day 25/IMG_4316.HEIC
already processed: /Volumes/Extreme_SSD/Test_folder/Abhinav B'day 25/IMG_4315.HEIC
already processed: /Volumes/Extreme_SSD/Test_folder/Abhinav B'day 25/IMG_4314.HEIC
already processed: /Volumes/Extreme_SSD/Test_folder/Abhinav B'day 25/IMG_4313.HEIC
already processed: /Volumes/Extreme_SSD/Test_folder/Abhinav B'day 25/IMG_4312.HEIC
already processed: /Volumes/Extreme_SSD/Test_folder/Abhinav B'day 25/IMG_4311.HEIC
already processed: /Volumes/Extreme_SSD/Test_folder/Abhinav B'day 25/IMG_4310.HEIC
already processed: /Volumes/Extreme_SSD/Test_folder/Abhinav B'day 25/IMG_4309.HEIC
already processed: /Volumes/Extreme_SSD/Test_folder/Abhinav B'day 25/IMG_E4309.HEIC
already processed: /Volumes/Extreme_SSD/Test_folder/Abhinav B'day 25/IMG_4307.HEIC
already processed: /Volumes/Extreme_SSD/Test_folder/Abhinav B'day 25/IMG_4306.HEIC
already processed: /Volumes/Extreme_SSD/Test_folder/Abhinav B'day 25/IMG_4305.HEIC
already processed: /Volumes/Extreme_SSD/Test_folder/Abhinav B'day 25/IMG_4304.HEIC
already processed: /Volumes/Extreme_SSD/Test_folder/Abhinav B'day 25/IMG_4302.HEIC
already processed: /Volumes/Extreme_SSD/Test_folder/Abhinav B'day 25/IMG_4301.HEIC
already processed: /Volumes/Extreme_SSD/Test_folder/Abhinav B'day 25/IMG_4300.HEIC
already processed: /Volumes/Extreme_SSD/Test_folder/Abhinav B'day 25/IMG_4299.HEIC
already processed: /Volumes/Extreme_SSD/Test_folder/Abhinav B'day 25/IMG_4298.HEIC
already processed: /Volumes/Extreme_SSD/Test_folder/Abhinav B'day 25/IMG_4297.HEIC
already processed: /Volumes/Extreme_SSD/Test_folder/Abhinav B'day 25/IMG_4296.HEIC
already processed: /Volumes/Extreme_SSD/Test_folder/Abhinav B'day 25/IMG_4292.HEIC
already processed: /Volumes/Extreme_SSD/Test_folder/Abhinav B'day 25/IMG_4291.HEIC
already processed: /Volumes/Extreme_SSD/Test_folder/Abhinav B'day 25/IMG_4290.HEIC
already processed: /Volumes/Extreme_SSD/Test_folder/Abhinav B'day 25/IMG_4289.HEIC
already processed: /Volumes/Extreme_SSD/Test_folder/Abhinav B'day 25/IMG_4288.HEIC
already processed: /Volumes/Extreme_SSD/Test_folder/Abhinav B'day 25/IMG_4287.HEIC
already processed: /Volumes/Extreme_SSD/Test_folder/Abhinav B'day 25/IMG_E4287.HEIC
already processed: /Volumes/Extreme_SSD/Test_folder/Abhinav B'day 25/IMG_4285.HEIC
already processed: /Volumes/Extreme_SSD/Test_folder/Abhinav B'day 25/IMG_E4285.HEIC
already processed: /Volumes/Extreme_SSD/Test_folder/Abhinav B'day 25/IMG_E4280.HEIC
already processed: /Volumes/Extreme_SSD/Test_folder/Abhinav B'day 25/IMG_4280.HEIC
already processed: /Volumes/Extreme_SSD/Test_folder/Abhinav B'day 25/IMG_E4279.HEIC
already processed: /Volumes/Extreme_SSD/Test_folder/Abhinav B'day 25/IMG_4279.HEIC
already processed: /Volumes/Extreme_SSD/Test_folder/Abhinav B'day 25/IMG_4278.HEIC
already processed: /Volumes/Extreme_SSD/Test_folder/Abhinav B'day 25/IMG_E4278.HEIC
already processed: /Volumes/Extreme_SSD/Test_folder/Abhinav B'day 25/IMG_4277.HEIC
already processed: /Volumes/Extreme_SSD/Test_folder/Abhinav B'day 25/IMG_E4277.HEIC
already processed: /Volumes/Extreme_SSD/Test_folder/Abhinav B'day 25/IMG_4276.HEIC
already processed: /Volumes/Extreme_SSD/Test_folder/Abhinav B'day 25/IMG_E4276.HEIC
already processed: /Volumes/Extreme_SSD/Test_folder/Abhinav B'day 25/IMG_4274.HEIC
already processed: /Volumes/Extreme_SSD/Test_folder/Abhinav B'day 25/IMG_E4274.HEIC
already processed: /Volumes/Extreme_SSD/Test_folder/Abhinav B'day 25/IMG_4273.HEIC
already processed: /Volumes/Extreme_SSD/Test_folder/Abhinav B'day 25/IMG_E4273.HEIC
already processed: /Volumes/Extreme_SSD/Test_folder/Abhinav B'day 25/IMG_4272.HEIC
already processed: /Volumes/Extreme_SSD/Test_folder/Abhinav B'day 25/IMG_E4272.HEIC
already processed: /Volumes/Extreme_SSD/Test_folder/Abhinav B'day 25/IMG_E4271.HEIC
already processed: /Volumes/Extreme_SSD/Test_folder/Abhinav B'day 25/IMG_4271.HEIC
already processed: /Volumes/Extreme_SSD/Test_folder/Abhinav B'day 25/IMG_E4270.HEIC
already processed: /Volumes/Extreme_SSD/Test_folder/Abhinav B'day 25/IMG_4270.HEIC
already processed: /Volumes/Extreme_SSD/Test_folder/Abhinav B'day 25/IMG_4269.HEIC
already processed: /Volumes/Extreme_SSD/Test_folder/Abhinav B'day 25/IMG_E4269.HEIC
already processed: /Volumes/Extreme_SSD/Test_folder/Abhinav B'day 25/IMG_4254.HEIC
already processed: /Volumes/Extreme_SSD/Test_folder/Abhinav B'day 25/IMG_4253.HEIC
already processed: /Volumes/Extreme_SSD/Test_folder/Abhinav B'day 25/IMG_4252.HEIC
already processed: /Volumes/Extreme_SSD/Test_folder/Abhinav B'day 25/IMG_4251.HEIC
already processed: /Volumes/Extreme_SSD/Test_folder/Abhinav B'day 25/IMG_E4247.HEIC
already processed: /Volumes/Extreme_SSD/Test_folder/Abhinav B'day 25/IMG_4247.HEIC
already processed: /Volumes/Extreme_SSD/Test_folder/Abhinav B'day 25/IMG_4244.HEIC
already processed: /Volumes/Extreme_SSD/Test_folder/Abhinav B'day 25/IMG_E4244.HEIC
already processed: /Volumes/Extreme_SSD/Test_folder/Abhinav B'day 25/IMG_E4243.HEIC
already processed: /Volumes/Extreme_SSD/Test_folder/Abhinav B'day 25/IMG_4243.HEIC
already processed: /Volumes/Extreme_SSD/Test_folder/Abhinav B'day 25/IMG_E4240.HEIC
already processed: /Volumes/Extreme_SSD/Test_folder/Abhinav B'day 25/IMG_4240.HEIC
already processed: /Volumes/Extreme_SSD/Test_folder/Abhinav B'day 25/IMG_4239.HEIC
already processed: /Volumes/Extreme_SSD/Test_folder/Abhinav B'day 25/IMG_E4239.HEIC
already processed: /Volumes/Extreme_SSD/Test_folder/Abhinav B'day 25/IMG_4238.HEIC
already processed: /Volumes/Extreme_SSD/Test_folder/Abhinav B'day 25/IMG_4233.HEIC
already processed: /Volumes/Extreme_SSD/Test_folder/Abhinav B'day 25/IMG_E4233.HEIC
already processed: /Volumes/Extreme_SSD/Test_folder/Abhinav B'day 25/IMG_4232.HEIC
already processed: /Volumes/Extreme_SSD/Test_folder/Abhinav B'day 25/IMG_4230.HEIC
already processed: /Volumes/Extreme_SSD/Test_folder/Abhinav B'day 25/IMG_4229.HEIC
already processed: /Volumes/Extreme_SSD/Test_folder/Abhinav B'day 25/IMG_4228.HEIC
already processed: /Volumes/Extreme_SSD/Test_folder/Abhinav B'day 25/IMG_4227.HEIC
already processed: /Volumes/Extreme_SSD/Test_folder/Abhinav B'day 25/IMG_4226.HEIC
already processed: /Volumes/Extreme_SSD/Test_folder/Abhinav B'day 25/IMG_4225.HEIC
already processed: /Volumes/Extreme_SSD/Test_folder/Abhinav B'day 25/IMG_4224.HEIC
already processed: /Volumes/Extreme_SSD/Test_folder/Abhinav B'day 25/IMG_4223.HEIC
already processed: /Volumes/Extreme_SSD/Test_folder/Abhinav B'day 25/IMG_E4220.JPG
already processed: /Volumes/Extreme_SSD/Test_folder/Abhinav B'day 25/IMG_4220.JPG
already processed: /Volumes/Extreme_SSD/Test_folder/Abhinav B'day 25/IMG_E4219.JPG
already processed: /Volumes/Extreme_SSD/Test_folder/Abhinav B'day 25/IMG_4219.JPG
already processed: /Volumes/Extreme_SSD/Test_folder/Abhinav B'day 25/IMG_E4218.JPG
already processed: /Volumes/Extreme_SSD/Test_folder/Abhinav B'day 25/IMG_4218.JPG
already processed: /Volumes/Extreme_SSD/Test_folder/Abhinav B'day 25/IMG_E4217.JPG
already processed: /Volumes/Extreme_SSD/Test_folder/Abhinav B'day 25/IMG_4217.JPG
already processed: /Volumes/Extreme_SSD/Test_folder/Abhinav B'day 25/IMG_E4215.JPG
already processed: /Volumes/Extreme_SSD/Test_folder/Abhinav B'day 25/IMG_4215.JPG
already processed: /Volumes/Extreme_SSD/Test_folder/Abhinav B'day 25/IMG_E4216.JPG
already processed: /Volumes/Extreme_SSD/Test_folder/Abhinav B'day 25/IMG_4216.JPG
already processed: /Volumes/Extreme_SSD/Test_folder/Abhinav B'day 25/IMG_4213.HEIC
already processed: /Volumes/Extreme_SSD/Test_folder/Abhinav B'day 25/IMG_E4211.JPG
already processed: /Volumes/Extreme_SSD/Test_folder/Abhinav B'day 25/IMG_4211.JPG
already processed: /Volumes/Extreme_SSD/Test_folder/Abhinav B'day 25/IMG_E4210.JPG
already processed: /Volumes/Extreme_SSD/Test_folder/Abhinav B'day 25/IMG_4210.JPG
already processed: /Volumes/Extreme_SSD/Test_folder/Abhinav B'day 25/IMG_4207.HEIC
already processed: /Volumes/Extreme_SSD/Test_folder/Abhinav B'day 25/IMG_4205.HEIC
already processed: /Volumes/Extreme_SSD/Test_folder/Abhinav B'day 25/IMG_4206.HEIC
already processed: /Volumes/Extreme_SSD/Test_folder/Abhinav B'day 25/IMG_4204.HEIC
already processed: /Volumes/Extreme_SSD/Test_folder/Abhinav B'day 25/IMG_4203.HEIC
already processed: /Volumes/Extreme_SSD/Test_folder/Abhinav B'day 25/IMG_4202.HEIC
already processed: /Volumes/Extreme_SSD/Test_folder/Abhinav B'day 25/IMG_4201.HEIC
already processed: /Volumes/Extreme_SSD/Test_folder/Abhinav B'day 25/IMG_4198.HEIC
already processed: /Volumes/Extreme_SSD/Test_folder/Abhinav B'day 25/IMG_4197.HEIC
already processed: /Volumes/Extreme_SSD/Test_folder/Abhinav B'day 25/IMG_4190.HEIC
already processed: /Volumes/Extreme_SSD/Test_folder/Abhinav B'day 25/IMG_4189.HEIC
already processed: /Volumes/Extreme_SSD/Test_folder/Abhinav B'day 25/IMG_4186.HEIC
already processed: /Volumes/Extreme_SSD/Test_folder/Abhinav B'day 25/IMG_E4186.HEIC
already processed: /Volumes/Extreme_SSD/Test_folder/Abhinav B'day 25/IMG_4185.HEIC
already processed: /Volumes/Extreme_SSD/Test_folder/Abhinav B'day 25/IMG_4181.HEIC
already processed: /Volumes/Extreme_SSD/Test_folder/Abhinav B'day 25/IMG_4180.HEIC
already processed: /Volumes/Extreme_SSD/Test_folder/Abhinav B'day 25/IMG_4179.HEIC
already processed: /Volumes/Extreme_SSD/Test_folder/Abhinav B'day 25/IMG_4178.HEIC
already processed: /Volumes/Extreme_SSD/Test_folder/Abhinav B'day 25/IMG_4177.HEIC
already processed: /Volumes/Extreme_SSD/Test_folder/Abhinav B'day 25/IMG_4176.HEIC
already processed: /Volumes/Extreme_SSD/Test_folder/Abhinav B'day 25/IMG_4175.HEIC
already processed: /Volumes/Extreme_SSD/Test_folder/Abhinav B'day 25/IMG_4174.HEIC
already processed: /Volumes/Extreme_SSD/Test_folder/Abhinav B'day 25/IMG_4173.HEIC
already processed: /Volumes/Extreme_SSD/Test_folder/Abhinav B'day 25/IMG_4171.HEIC
already processed: /Volumes/Extreme_SSD/Test_folder/Abhinav B'day 25/IMG_4170.HEIC
already processed: /Volumes/Extreme_SSD/Test_folder/Abhinav B'day 25/IMG_4169.HEIC
already processed: /Volumes/Extreme_SSD/Test_folder/Abhinav B'day 25/IMG_4165.HEIC
already processed: /Volumes/Extreme_SSD/Test_folder/Abhinav B'day 25/IMG_4164.HEIC
already processed: /Volumes/Extreme_SSD/Test_folder/Abhinav B'day 25/IMG_4163.HEIC
already processed: /Volumes/Extreme_SSD/Test_folder/Abhinav B'day 25/IMG_4162.HEIC
already processed: /Volumes/Extreme_SSD/Test_folder/Abhinav B'day 25/IMG_4160.HEIC
already processed: /Volumes/Extreme_SSD/Test_folder/Abhinav B'day 25/IMG_E4156.HEIC
already processed: /Volumes/Extreme_SSD/Test_folder/Abhinav B'day 25/IMG_4156.HEIC
already processed: /Volumes/Extreme_SSD/Test_folder/Abhinav B'day 25/IMG_E4155.HEIC
already processed: /Volumes/Extreme_SSD/Test_folder/Abhinav B'day 25/IMG_4155.HEIC
already processed: /Volumes/Extreme_SSD/Test_folder/Abhinav B'day 25/IMG_4151.HEIC
already processed: /Volumes/Extreme_SSD/Test_folder/Abhinav B'day 25/IMG_4150.HEIC
already processed: /Volumes/Extreme_SSD/Test_folder/Abhinav B'day 25/IMG_4149.HEIC
already processed: /Volumes/Extreme_SSD/Test_folder/Abhinav B'day 25/IMG_4148.HEIC
already processed: /Volumes/Extreme_SSD/Test_folder/Abhinav B'day 25/IMG_4147.HEIC
already processed: /Volumes/Extreme_SSD/Test_folder/Abhinav B'day 25/IMG_4146.HEIC
already processed: /Volumes/Extreme_SSD/Test_folder/Abhinav B'day 25/IMG_4145.HEIC
already processed: /Volumes/Extreme_SSD/Test_folder/Abhinav B'day 25/IMG_4144.HEIC
already processed: /Volumes/Extreme_SSD/Test_folder/Abhinav B'day 25/IMG_4143.HEIC
already processed: /Volumes/Extreme_SSD/Test_folder/Abhinav B'day 25/IMG_4141.HEIC
already processed: /Volumes/Extreme_SSD/Test_folder/Abhinav B'day 25/IMG_4140.HEIC
already processed: /Volumes/Extreme_SSD/Test_folder/Abhinav B'day 25/IMG_4139.HEIC
already processed: /Volumes/Extreme_SSD/Test_folder/Abhinav B'day 25/IMG_4138.HEIC
already processed: /Volumes/Extreme_SSD/Test_folder/Abhinav B'day 25/IMG_4137.HEIC
already processed: /Volumes/Extreme_SSD/Test_folder/Abhinav B'day 25/IMG_4136.HEIC
already processed: /Volumes/Extreme_SSD/Test_folder/Abhinav B'day 25/IMG_4135.PNG
already processed: /Volumes/Extreme_SSD/Test_folder/Abhinav B'day 25/IMG_4133.HEIC
already processed: /Volumes/Extreme_SSD/Test_folder/Abhinav B'day 25/IMG_4132.HEIC
already processed: /Volumes/Extreme_SSD/Test_folder/Abhinav B'day 25/IMG_4131.HEIC
no unprocessed images
already processed: /Volumes/Extreme_SSD/Test_folder/Malvan 25/IMG_E4087.JPG
already processed: /Volumes/Extreme_SSD/Test_folder/Malvan 25/IMG_4087.JPG
already processed: /Volumes/Extreme_SSD/Test_folder/Malvan 25/IMG_E4084.JPG
already processed: /Volumes/Extreme_SSD/Test_folder/Malvan 25/IMG_4084.JPG
already processed: /Volumes/Extreme_SSD/Test_folder/Malvan 25/IMG_E4083.JPG
already processed: /Volumes/Extreme_SSD/Test_folder/Malvan 25/IMG_4083.JPG
already processed: /Volumes/Extreme_SSD/Test_folder/Malvan 25/IMG_E4082.JPG
already processed: /Volumes/Extreme_SSD/Test_folder/Malvan 25/IMG_4082.JPG
already processed: /Volumes/Extreme_SSD/Test_folder/Malvan 25/IMG_E4081.JPG
already processed: /Volumes/Extreme_SSD/Test_folder/Malvan 25/IMG_4081.JPG
already processed: /Volumes/Extreme_SSD/Test_folder/Malvan 25/IMG_E4079.JPG
already processed: /Volumes/Extreme_SSD/Test_folder/Malvan 25/IMG_4079.JPG
already processed: /Volumes/Extreme_SSD/Test_folder/Malvan 25/IMG_E4080.JPG
already processed: /Volumes/Extreme_SSD/Test_folder/Malvan 25/IMG_4080.JPG
already processed: /Volumes/Extreme_SSD/Test_folder/Malvan 25/IMG_4075.HEIC
already processed: /Volumes/Extreme_SSD/Test_folder/Malvan 25/IMG_E4074.HEIC
already processed: /Volumes/Extreme_SSD/Test_folder/Malvan 25/IMG_4074.HEIC
already processed: /Volumes/Extreme_SSD/Test_folder/Malvan 25/IMG_E4073.HEIC
already processed: /Volumes/Extreme_SSD/Test_folder/Malvan 25/IMG_4073.HEIC
already processed: /Volumes/Extreme_SSD/Test_folder/Malvan 25/IMG_E4072.HEIC
already processed: /Volumes/Extreme_SSD/Test_folder/Malvan 25/IMG_4072.HEIC
already processed: /Volumes/Extreme_SSD/Test_folder/Malvan 25/IMG_4071.HEIC
already processed: /Volumes/Extreme_SSD/Test_folder/Malvan 25/IMG_4070.HEIC
already processed: /Volumes/Extreme_SSD/Test_folder/Malvan 25/IMG_4067.HEIC
already processed: /Volumes/Extreme_SSD/Test_folder/Malvan 25/IMG_E4065.JPG
already processed: /Volumes/Extreme_SSD/Test_folder/Malvan 25/IMG_4065.JPG
already processed: /Volumes/Extreme_SSD/Test_folder/Malvan 25/IMG_4064.HEIC
already processed: /Volumes/Extreme_SSD/Test_folder/Malvan 25/IMG_4063.HEIC
already processed: /Volumes/Extreme_SSD/Test_folder/Malvan 25/IMG_4062.HEIC
already processed: /Volumes/Extreme_SSD/Test_folder/Malvan 25/IMG_4061.HEIC
already processed: /Volumes/Extreme_SSD/Test_folder/Malvan 25/IMG_4060.HEIC
already processed: /Volumes/Extreme_SSD/Test_folder/Malvan 25/IMG_4059.HEIC
already processed: /Volumes/Extreme_SSD/Test_folder/Malvan 25/IMG_4058.HEIC
already processed: /Volumes/Extreme_SSD/Test_folder/Malvan 25/IMG_4057.HEIC
already processed: /Volumes/Extreme_SSD/Test_folder/Malvan 25/IMG_4056.HEIC
already processed: /Volumes/Extreme_SSD/Test_folder/Malvan 25/IMG_4055.HEIC
already processed: /Volumes/Extreme_SSD/Test_folder/Malvan 25/IMG_4054.HEIC
already processed: /Volumes/Extreme_SSD/Test_folder/Malvan 25/IMG_E4053.HEIC
already processed: /Volumes/Extreme_SSD/Test_folder/Malvan 25/IMG_4053.HEIC
already processed: /Volumes/Extreme_SSD/Test_folder/Malvan 25/IMG_E4052.HEIC
already processed: /Volumes/Extreme_SSD/Test_folder/Malvan 25/IMG_4052.HEIC
already processed: /Volumes/Extreme_SSD/Test_folder/Malvan 25/IMG_4050.HEIC
already processed: /Volumes/Extreme_SSD/Test_folder/Malvan 25/IMG_4049.HEIC
already processed: /Volumes/Extreme_SSD/Test_folder/Malvan 25/IMG_4048.HEIC
already processed: /Volumes/Extreme_SSD/Test_folder/Malvan 25/IMG_4047.HEIC
already processed: /Volumes/Extreme_SSD/Test_folder/Malvan 25/IMG_4046.HEIC
already processed: /Volumes/Extreme_SSD/Test_folder/Malvan 25/IMG_4045.HEIC
already processed: /Volumes/Extreme_SSD/Test_folder/Malvan 25/IMG_4044.HEIC
already processed: /Volumes/Extreme_SSD/Test_folder/Malvan 25/IMG_4042.HEIC
already processed: /Volumes/Extreme_SSD/Test_folder/Malvan 25/IMG_4040.HEIC
already processed: /Volumes/Extreme_SSD/Test_folder/Malvan 25/IMG_4039.HEIC
already processed: /Volumes/Extreme_SSD/Test_folder/Malvan 25/IMG_4038.HEIC
already processed: /Volumes/Extreme_SSD/Test_folder/Malvan 25/IMG_4037.HEIC
already processed: /Volumes/Extreme_SSD/Test_folder/Malvan 25/IMG_4036.HEIC
already processed: /Volumes/Extreme_SSD/Test_folder/Malvan 25/IMG_4035.HEIC
already processed: /Volumes/Extreme_SSD/Test_folder/Malvan 25/IMG_4034.HEIC
already processed: /Volumes/Extreme_SSD/Test_folder/Malvan 25/IMG_4033.HEIC
already processed: /Volumes/Extreme_SSD/Test_folder/Malvan 25/IMG_4032.HEIC
already processed: /Volumes/Extreme_SSD/Test_folder/Malvan 25/IMG_4031.HEIC
already processed: /Volumes/Extreme_SSD/Test_folder/Malvan 25/IMG_4030.HEIC
already processed: /Volumes/Extreme_SSD/Test_folder/Malvan 25/IMG_4029.HEIC
already processed: /Volumes/Extreme_SSD/Test_folder/Malvan 25/IMG_4028.HEIC
already processed: /Volumes/Extreme_SSD/Test_folder/Malvan 25/IMG_4027.HEIC
already processed: /Volumes/Extreme_SSD/Test_folder/Malvan 25/IMG_4026.HEIC
already processed: /Volumes/Extreme_SSD/Test_folder/Malvan 25/IMG_4025.HEIC
already processed: /Volumes/Extreme_SSD/Test_folder/Malvan 25/IMG_4024.HEIC
already processed: /Volumes/Extreme_SSD/Test_folder/Malvan 25/IMG_4023.HEIC
already processed: /Volumes/Extreme_SSD/Test_folder/Malvan 25/IMG_4022.HEIC
already processed: /Volumes/Extreme_SSD/Test_folder/Malvan 25/IMG_4021.HEIC
already processed: /Volumes/Extreme_SSD/Test_folder/Malvan 25/IMG_4020.HEIC
already processed: /Volumes/Extreme_SSD/Test_folder/Malvan 25/IMG_4018.HEIC
already processed: /Volumes/Extreme_SSD/Test_folder/Malvan 25/IMG_E4016.JPG
already processed: /Volumes/Extreme_SSD/Test_folder/Malvan 25/IMG_4016.JPG
already processed: /Volumes/Extreme_SSD/Test_folder/Malvan 25/IMG_4014.HEIC
already processed: /Volumes/Extreme_SSD/Test_folder/Malvan 25/IMG_4013.HEIC
already processed: /Volumes/Extreme_SSD/Test_folder/Malvan 25/IMG_4012.HEIC
already processed: /Volumes/Extreme_SSD/Test_folder/Malvan 25/IMG_4011.HEIC
no unprocessed images
already processed: /Volumes/Extreme_SSD/Test_folder/Lokatsav 2024/IMG20240204145707.jpg
already processed: /Volumes/Extreme_SSD/Test_folder/Lokatsav 2024/IMG20240204150507.jpg
already processed: /Volumes/Extreme_SSD/Test_folder/Lokatsav 2024/IMG20240204151221.jpg
already processed: /Volumes/Extreme_SSD/Test_folder/Lokatsav 2024/IMG20240204151223.jpg
already processed: /Volumes/Extreme_SSD/Test_folder/Lokatsav 2024/IMG20240204151317.jpg
already processed: /Volumes/Extreme_SSD/Test_folder/Lokatsav 2024/IMG20240204151345.jpg
already processed: /Volumes/Extreme_SSD/Test_folder/Lokatsav 2024/IMG20240204151349.jpg
already processed: /Volumes/Extreme_SSD/Test_folder/Lokatsav 2024/IMG20240204151429.jpg
already processed: /Volumes/Extreme_SSD/Test_folder/Lokatsav 2024/IMG20240204151519.jpg
already processed: /Volumes/Extreme_SSD/Test_folder/Lokatsav 2024/IMG20240204151524.jpg
already processed: /Volumes/Extreme_SSD/Test_folder/Lokatsav 2024/IMG20240204151538.jpg
already processed: /Volumes/Extreme_SSD/Test_folder/Lokatsav 2024/IMG20240204151606.jpg
already processed: /Volumes/Extreme_SSD/Test_folder/Lokatsav 2024/IMG20240204151640.jpg
already processed: /Volumes/Extreme_SSD/Test_folder/Lokatsav 2024/IMG20240204151752.jpg
already processed: /Volumes/Extreme_SSD/Test_folder/Lokatsav 2024/IMG20240204151901.jpg
already processed: /Volumes/Extreme_SSD/Test_folder/Lokatsav 2024/IMG20240204152027.jpg
already processed: /Volumes/Extreme_SSD/Test_folder/Lokatsav 2024/IMG20240204152118.jpg
already processed: /Volumes/Extreme_SSD/Test_folder/Lokatsav 2024/IMG20240204152123.jpg
already processed: /Volumes/Extreme_SSD/Test_folder/Lokatsav 2024/IMG20240204152152.jpg
already processed: /Volumes/Extreme_SSD/Test_folder/Lokatsav 2024/IMG20240204152247.jpg
already processed: /Volumes/Extreme_SSD/Test_folder/Lokatsav 2024/IMG20240204152254.jpg
already processed: /Volumes/Extreme_SSD/Test_folder/Lokatsav 2024/IMG20240204152326.jpg
already processed: /Volumes/Extreme_SSD/Test_folder/Lokatsav 2024/IMG20240204152340.jpg
already processed: /Volumes/Extreme_SSD/Test_folder/Lokatsav 2024/IMG20240204152435.jpg
already processed: /Volumes/Extreme_SSD/Test_folder/Lokatsav 2024/IMG20240204152730.jpg
already processed: /Volumes/Extreme_SSD/Test_folder/Lokatsav 2024/IMG20240204152833.jpg
already processed: /Volumes/Extreme_SSD/Test_folder/Lokatsav 2024/IMG20240204153146.jpg
already processed: /Volumes/Extreme_SSD/Test_folder/Lokatsav 2024/IMG20240204154922.jpg
already processed: /Volumes/Extreme_SSD/Test_folder/Lokatsav 2024/IMG20240204154932.jpg
already processed: /Volumes/Extreme_SSD/Test_folder/Lokatsav 2024/IMG20240204154949.jpg
already processed: /Volumes/Extreme_SSD/Test_folder/Lokatsav 2024/IMG20240204154955.jpg
already processed: /Volumes/Extreme_SSD/Test_folder/Lokatsav 2024/IMG20240204155012.jpg
already processed: /Volumes/Extreme_SSD/Test_folder/Lokatsav 2024/IMG20240204155018.jpg
already processed: /Volumes/Extreme_SSD/Test_folder/Lokatsav 2024/IMG20240204155024.jpg
already processed: /Volumes/Extreme_SSD/Test_folder/Lokatsav 2024/IMG20240204155439.jpg
already processed: /Volumes/Extreme_SSD/Test_folder/Lokatsav 2024/IMG20240204155845.jpg
already processed: /Volumes/Extreme_SSD/Test_folder/Lokatsav 2024/IMG20240204170023.jpg
already processed: /Volumes/Extreme_SSD/Test_folder/Lokatsav 2024/IMG20240204165810.jpg
already processed: /Volumes/Extreme_SSD/Test_folder/Lokatsav 2024/IMG20240204170026.jpg
already processed: /Volumes/Extreme_SSD/Test_folder/Lokatsav 2024/IMG20240204170127.jpg
already processed: /Volumes/Extreme_SSD/Test_folder/Lokatsav 2024/IMG20240204170222.jpg
already processed: /Volumes/Extreme_SSD/Test_folder/Lokatsav 2024/IMG20240204170218.jpg
already processed: /Volumes/Extreme_SSD/Test_folder/Lokatsav 2024/IMG20240204170738.jpg
already processed: /Volumes/Extreme_SSD/Test_folder/Lokatsav 2024/IMG20240204170758.jpg
already processed: /Volumes/Extreme_SSD/Test_folder/Lokatsav 2024/IMG20240204170904.jpg
already processed: /Volumes/Extreme_SSD/Test_folder/Lokatsav 2024/IMG20240204171826.jpg
already processed: /Volumes/Extreme_SSD/Test_folder/Lokatsav 2024/IMG20240204172601.jpg
already processed: /Volumes/Extreme_SSD/Test_folder/Lokatsav 2024/IMG20240205155655.jpg
no unprocessed images
